\BOOKMARK [0][-]{part.1}{I Theory background}{}% 1
\BOOKMARK [1][-]{section.1}{Theory}{part.1}% 2
\BOOKMARK [2][-]{subsection.1.1}{Navier Stokes Equations}{section.1}% 3
\BOOKMARK [3][-]{subsubsection.1.1.1}{Mass Conservation}{subsection.1.1}% 4
\BOOKMARK [3][-]{subsubsection.1.1.2}{Momentum Conservation}{subsection.1.1}% 5
\BOOKMARK [3][-]{subsubsection.1.1.3}{Energy Conservation}{subsection.1.1}% 6
\BOOKMARK [3][-]{subsubsection.1.1.4}{Transport equations}{subsection.1.1}% 7
\BOOKMARK [2][-]{subsection.1.2}{Turbulence}{section.1}% 8
\BOOKMARK [0][-]{part.2}{II OpenFOAM case setup}{}% 9
\BOOKMARK [1][-]{section.2}{Numerical}{part.2}% 10
\BOOKMARK [2][-]{subsection.2.1}{Schemes}{section.2}% 11
\BOOKMARK [2][-]{subsection.2.2}{Temporal schemes}{section.2}% 12
\BOOKMARK [2][-]{subsection.2.3}{Spatial schemes}{section.2}% 13
\BOOKMARK [2][-]{subsection.2.4}{Wall distance calculation method}{section.2}% 14
\BOOKMARK [2][-]{subsection.2.5}{Solutions}{section.2}% 15
\BOOKMARK [2][-]{subsection.2.6}{Solvers}{section.2}% 16
\BOOKMARK [2][-]{subsection.2.7}{Solver control}{section.2}% 17
\BOOKMARK [1][-]{section.3}{boundary condition}{part.2}% 18
\BOOKMARK [1][-]{section.4}{Conclusion}{part.2}% 19
\BOOKMARK [1][-]{appendix.A}{Appendix}{part.2}% 20
\BOOKMARK [2][-]{subsection.A.1}{Gradient}{appendix.A}% 21
\BOOKMARK [2][-]{subsection.A.2}{Divergence}{appendix.A}% 22
\BOOKMARK [2][-]{subsection.A.3}{Curl}{appendix.A}% 23
\BOOKMARK [2][-]{subsection.A.4}{Laplacian}{appendix.A}% 24
\BOOKMARK [2][-]{subsection.A.5}{Gauss Theorem}{appendix.A}% 25
\BOOKMARK [2][-]{subsection.A.6}{Material derivative}{appendix.A}% 26
\BOOKMARK [2][-]{subsection.A.7}{Reynold transportation theorem}{appendix.A}% 27
\BOOKMARK [0][-]{part.3}{III Visualization}{}% 28
\BOOKMARK [1][-]{appendix.B}{VTK}{part.3}% 29
